# JRE version: Java(TM) SE Runtime Environment (8.0_101-b13) (build 1.8.0_101-b13)
# Java VM: Java HotSpot(TM) 64-Bit Server VM (25.101-b13 mixed mode windows-amd64 compressed oops)
Heap:
 PSYoungGen      total 496128K, used 17019K [0x00000000d6100000, 0x00000000ff580000, 0x0000000100000000)
  eden space 465408K, 3% used [0x00000000d6100000,0x00000000d719ec40,0x00000000f2780000)
  from space 30720K, 0% used [0x00000000f2780000,0x00000000f2780000,0x00000000f4580000)
  to   space 105472K, 0% used [0x00000000f8e80000,0x00000000f8e80000,0x00000000ff580000)
 ParOldGen       total 505344K, used 316518K [0x0000000082200000, 0x00000000a0f80000, 0x00000000d6100000)
  object space 505344K, 62% used [0x0000000082200000,0x0000000095719a58,0x00000000a0f80000)
 Metaspace       used 45211K, capacity 45674K, committed 45952K, reserved 1089536K
  class space    used 6309K, capacity 6446K, committed 6528K, reserved 1048576K
GC Heap History (10 events):
Event: 68.503 GC heap before
{Heap before GC invocations=34 (full 4):
 PSYoungGen      total 517632K, used 461997K [0x00000000d6100000, 0x0000000100000000, 0x0000000100000000)
  eden space 416768K, 100% used [0x00000000d6100000,0x00000000ef800000,0x00000000ef800000)
  from space 100864K, 44% used [0x00000000ef800000,0x00000000f242b450,0x00000000f5a80000)
  to   space 109056K, 0% used [0x00000000f9580000,0x00000000f9580000,0x0000000100000000)
 ParOldGen       total 334336K, used 190608K [0x0000000082200000, 0x0000000096880000, 0x00000000d6100000)
  object space 334336K, 57% used [0x0000000082200000,0x000000008dc24298,0x0000000096880000)
 Metaspace       used 45165K, capacity 45604K, committed 45952K, reserved 1089536K
  class space    used 6308K, capacity 6445K, committed 6528K, reserved 1048576K
Event: 68.546 GC heap after
Heap after GC invocations=34 (full 4):
 PSYoungGen      total 571904K, used 69618K [0x00000000d6100000, 0x0000000100000000, 0x0000000100000000)
  eden space 462848K, 0% used [0x00000000d6100000,0x00000000d6100000,0x00000000f2500000)
  from space 109056K, 63% used [0x00000000f9580000,0x00000000fd97cb80,0x0000000100000000)
  to   space 112128K, 0% used [0x00000000f2500000,0x00000000f2500000,0x00000000f9280000)
 ParOldGen       total 334336K, used 190616K [0x0000000082200000, 0x0000000096880000, 0x00000000d6100000)
  object space 334336K, 57% used [0x0000000082200000,0x000000008dc26298,0x0000000096880000)
 Metaspace       used 45165K, capacity 45604K, committed 45952K, reserved 1089536K
  class space    used 6308K, capacity 6445K, committed 6528K, reserved 1048576K
}
Event: 70.488 GC heap before
{Heap before GC invocations=35 (full 4):
 PSYoungGen      total 571904K, used 532466K [0x00000000d6100000, 0x0000000100000000, 0x0000000100000000)
  eden space 462848K, 100% used [0x00000000d6100000,0x00000000f2500000,0x00000000f2500000)
  from space 109056K, 63% used [0x00000000f9580000,0x00000000fd97cb80,0x0000000100000000)
  to   space 112128K, 0% used [0x00000000f2500000,0x00000000f2500000,0x00000000f9280000)
 ParOldGen       total 334336K, used 190616K [0x0000000082200000, 0x0000000096880000, 0x00000000d6100000)
  object space 334336K, 57% used [0x0000000082200000,0x000000008dc26298,0x0000000096880000)
 Metaspace       used 45192K, capacity 45604K, committed 45952K, reserved 1089536K
  class space    used 6308K, capacity 6445K, committed 6528K, reserved 1048576K
Event: 70.522 GC heap after
Heap after GC invocations=35 (full 4):
 PSYoungGen      total 531456K, used 68303K [0x00000000d6100000, 0x0000000100000000, 0x0000000100000000)
  eden space 462848K, 0% used [0x00000000d6100000,0x00000000d6100000,0x00000000f2500000)
  from space 68608K, 99% used [0x00000000f2500000,0x00000000f67b3c88,0x00000000f6800000)
  to   space 113664K, 0% used [0x00000000f9100000,0x00000000f9100000,0x0000000100000000)
 ParOldGen       total 334336K, used 214712K [0x0000000082200000, 0x0000000096880000, 0x00000000d6100000)
  object space 334336K, 64% used [0x0000000082200000,0x000000008f3ae298,0x0000000096880000)
 Metaspace       used 45192K, capacity 45604K, committed 45952K, reserved 1089536K
  class space    used 6308K, capacity 6445K, committed 6528K, reserved 1048576K
}
Event: 72.378 GC heap before
{Heap before GC invocations=36 (full 4):
 PSYoungGen      total 531456K, used 531151K [0x00000000d6100000, 0x0000000100000000, 0x0000000100000000)
  eden space 462848K, 100% used [0x00000000d6100000,0x00000000f2500000,0x00000000f2500000)
  from space 68608K, 99% used [0x00000000f2500000,0x00000000f67b3c88,0x00000000f6800000)
  to   space 113664K, 0% used [0x00000000f9100000,0x00000000f9100000,0x0000000100000000)
 ParOldGen       total 334336K, used 214712K [0x0000000082200000, 0x0000000096880000, 0x00000000d6100000)
  object space 334336K, 64% used [0x0000000082200000,0x000000008f3ae298,0x0000000096880000)
 Metaspace       used 45194K, capacity 45604K, committed 45952K, reserved 1089536K
  class space    used 6308K, capacity 6445K, committed 6528K, reserved 1048576K
Event: 72.413 GC heap after
Heap after GC invocations=36 (full 4):
 PSYoungGen      total 579072K, used 51521K [0x00000000d6100000, 0x0000000100000000, 0x0000000100000000)
  eden space 465408K, 0% used [0x00000000d6100000,0x00000000d6100000,0x00000000f2780000)
  from space 113664K, 45% used [0x00000000f9100000,0x00000000fc350640,0x0000000100000000)
  to   space 108032K, 0% used [0x00000000f2780000,0x00000000f2780000,0x00000000f9100000)
 ParOldGen       total 334336K, used 256481K [0x0000000082200000, 0x0000000096880000, 0x00000000d6100000)
  object space 334336K, 76% used [0x0000000082200000,0x0000000091c786b0,0x0000000096880000)
 Metaspace       used 45194K, capacity 45604K, committed 45952K, reserved 1089536K
  class space    used 6308K, capacity 6445K, committed 6528K, reserved 1048576K
}
Event: 74.248 GC heap before
{Heap before GC invocations=37 (full 4):
 PSYoungGen      total 579072K, used 516929K [0x00000000d6100000, 0x0000000100000000, 0x0000000100000000)
  eden space 465408K, 100% used [0x00000000d6100000,0x00000000f2780000,0x00000000f2780000)
  from space 113664K, 45% used [0x00000000f9100000,0x00000000fc350640,0x0000000100000000)
  to   space 108032K, 0% used [0x00000000f2780000,0x00000000f2780000,0x00000000f9100000)
 ParOldGen       total 334336K, used 256481K [0x0000000082200000, 0x0000000096880000, 0x00000000d6100000)
  object space 334336K, 76% used [0x0000000082200000,0x0000000091c786b0,0x0000000096880000)
 Metaspace       used 45211K, capacity 45674K, committed 45952K, reserved 1089536K
  class space    used 6309K, capacity 6446K, committed 6528K, reserved 1048576K
Event: 74.284 GC heap after
Heap after GC invocations=37 (full 4):
 PSYoungGen      total 496128K, used 30346K [0x00000000d6100000, 0x00000000ff580000, 0x0000000100000000)
  eden space 465408K, 0% used [0x00000000d6100000,0x00000000d6100000,0x00000000f2780000)
  from space 30720K, 98% used [0x00000000f2780000,0x00000000f4522948,0x00000000f4580000)
  to   space 105472K, 0% used [0x00000000f8e80000,0x00000000f8e80000,0x00000000ff580000)
 ParOldGen       total 334336K, used 303233K [0x0000000082200000, 0x0000000096880000, 0x00000000d6100000)
  object space 334336K, 90% used [0x0000000082200000,0x0000000094a206b0,0x0000000096880000)
 Metaspace       used 45211K, capacity 45674K, committed 45952K, reserved 1089536K
  class space    used 6309K, capacity 6446K, committed 6528K, reserved 1048576K
}
Event: 74.284 GC heap before
{Heap before GC invocations=38 (full 5):
 PSYoungGen      total 496128K, used 30346K [0x00000000d6100000, 0x00000000ff580000, 0x0000000100000000)
  eden space 465408K, 0% used [0x00000000d6100000,0x00000000d6100000,0x00000000f2780000)
  from space 30720K, 98% used [0x00000000f2780000,0x00000000f4522948,0x00000000f4580000)
  to   space 105472K, 0% used [0x00000000f8e80000,0x00000000f8e80000,0x00000000ff580000)
 ParOldGen       total 334336K, used 303233K [0x0000000082200000, 0x0000000096880000, 0x00000000d6100000)
  object space 334336K, 90% used [0x0000000082200000,0x0000000094a206b0,0x0000000096880000)
 Metaspace       used 45211K, capacity 45674K, committed 45952K, reserved 1089536K
  class space    used 6309K, capacity 6446K, committed 6528K, reserved 1048576K
Event: 74.457 GC heap after
Heap after GC invocations=38 (full 5):
 PSYoungGen      total 496128K, used 0K [0x00000000d6100000, 0x00000000ff580000, 0x0000000100000000)
  eden space 465408K, 0% used [0x00000000d6100000,0x00000000d6100000,0x00000000f2780000)
  from space 30720K, 0% used [0x00000000f2780000,0x00000000f2780000,0x00000000f4580000)
  to   space 105472K, 0% used [0x00000000f8e80000,0x00000000f8e80000,0x00000000ff580000)
 ParOldGen       total 505344K, used 316518K [0x0000000082200000, 0x00000000a0f80000, 0x00000000d6100000)
  object space 505344K, 62% used [0x0000000082200000,0x0000000095719a58,0x00000000a0f80000)
 Metaspace       used 45211K, capacity 45674K, committed 45952K, reserved 1089536K
  class space    used 6309K, capacity 6446K, committed 6528K, reserved 1048576K
}

